[0.396s] Invoking command in '/home/magnus/ros2_ws/src/my_robot_controller': PYTHONPATH=/home/magnus/ros2_ws/build/my_robot_controller/prefix_override:/usr/lib/python3/dist-packages/colcon_core/task/python/colcon_distutils_commands:/home/magnus/ros2_ws/install/my_robot_controller/lib/python3.10/site-packages:${PYTHONPATH} /usr/bin/python3 -W ignore:setup.py install is deprecated -W ignore:easy_install command is deprecated setup.py egg_info --egg-base ../../build/my_robot_controller build --build-base /home/magnus/ros2_ws/build/my_robot_controller/build install --record /home/magnus/ros2_ws/build/my_robot_controller/install.log --single-version-externally-managed install_data
[0.527s] running egg_info
[0.528s] writing ../../build/my_robot_controller/my_robot_controller.egg-info/PKG-INFO
[0.528s] writing dependency_links to ../../build/my_robot_controller/my_robot_controller.egg-info/dependency_links.txt
[0.528s] writing entry points to ../../build/my_robot_controller/my_robot_controller.egg-info/entry_points.txt
[0.528s] writing requirements to ../../build/my_robot_controller/my_robot_controller.egg-info/requires.txt
[0.528s] writing top-level names to ../../build/my_robot_controller/my_robot_controller.egg-info/top_level.txt
[0.530s] reading manifest file '../../build/my_robot_controller/my_robot_controller.egg-info/SOURCES.txt'
[0.538s] writing manifest file '../../build/my_robot_controller/my_robot_controller.egg-info/SOURCES.txt'
[0.538s] running build
[0.538s] running build_py
[0.538s] copying my_robot_controller/my_first_node.py -> /home/magnus/ros2_ws/build/my_robot_controller/build/lib/my_robot_controller
[0.538s] running install
[0.539s] running install_lib
[0.539s] copying /home/magnus/ros2_ws/build/my_robot_controller/build/lib/my_robot_controller/my_first_node.py -> /home/magnus/ros2_ws/install/my_robot_controller/lib/python3.10/site-packages/my_robot_controller
[0.540s] byte-compiling /home/magnus/ros2_ws/install/my_robot_controller/lib/python3.10/site-packages/my_robot_controller/my_first_node.py to my_first_node.cpython-310.pyc
[0.540s] running install_data
[0.540s] running install_egg_info
[0.541s] removing '/home/magnus/ros2_ws/install/my_robot_controller/lib/python3.10/site-packages/my_robot_controller-0.0.0-py3.10.egg-info' (and everything under it)
[0.542s] Copying ../../build/my_robot_controller/my_robot_controller.egg-info to /home/magnus/ros2_ws/install/my_robot_controller/lib/python3.10/site-packages/my_robot_controller-0.0.0-py3.10.egg-info
[0.542s] running install_scripts
[0.558s] Installing test_node script to /home/magnus/ros2_ws/install/my_robot_controller/lib/my_robot_controller
[0.558s] writing list of installed files to '/home/magnus/ros2_ws/build/my_robot_controller/install.log'
[0.589s] Invoked command in '/home/magnus/ros2_ws/src/my_robot_controller' returned '0': PYTHONPATH=/home/magnus/ros2_ws/build/my_robot_controller/prefix_override:/usr/lib/python3/dist-packages/colcon_core/task/python/colcon_distutils_commands:/home/magnus/ros2_ws/install/my_robot_controller/lib/python3.10/site-packages:${PYTHONPATH} /usr/bin/python3 -W ignore:setup.py install is deprecated -W ignore:easy_install command is deprecated setup.py egg_info --egg-base ../../build/my_robot_controller build --build-base /home/magnus/ros2_ws/build/my_robot_controller/build install --record /home/magnus/ros2_ws/build/my_robot_controller/install.log --single-version-externally-managed install_data
