[0.402s] Invoking command in '/home/magnus/ros2_ws/src/my_robot_controller': CONDA_PROMPT_MODIFIER=(base) PYTHONPATH=/home/magnus/ros2_ws/build/my_robot_controller/prefix_override:/usr/lib/python3/dist-packages/colcon_core/task/python/colcon_distutils_commands:/home/magnus/ros2_ws/install/my_robot_controller/lib/python3.10/site-packages:${PYTHONPATH} /usr/bin/python3 -W ignore:setup.py install is deprecated -W ignore:easy_install command is deprecated setup.py egg_info --egg-base ../../build/my_robot_controller build --build-base /home/magnus/ros2_ws/build/my_robot_controller/build install --record /home/magnus/ros2_ws/build/my_robot_controller/install.log --single-version-externally-managed install_data
[0.536s] running egg_info
[0.536s] creating ../../build/my_robot_controller/my_robot_controller.egg-info
[0.536s] writing ../../build/my_robot_controller/my_robot_controller.egg-info/PKG-INFO
[0.537s] writing dependency_links to ../../build/my_robot_controller/my_robot_controller.egg-info/dependency_links.txt
[0.537s] writing entry points to ../../build/my_robot_controller/my_robot_controller.egg-info/entry_points.txt
[0.537s] writing requirements to ../../build/my_robot_controller/my_robot_controller.egg-info/requires.txt
[0.537s] writing top-level names to ../../build/my_robot_controller/my_robot_controller.egg-info/top_level.txt
[0.537s] writing manifest file '../../build/my_robot_controller/my_robot_controller.egg-info/SOURCES.txt'
[0.538s] reading manifest file '../../build/my_robot_controller/my_robot_controller.egg-info/SOURCES.txt'
[0.539s] writing manifest file '../../build/my_robot_controller/my_robot_controller.egg-info/SOURCES.txt'
[0.539s] running build
[0.539s] running build_py
[0.540s] creating /home/magnus/ros2_ws/build/my_robot_controller/build
[0.540s] creating /home/magnus/ros2_ws/build/my_robot_controller/build/lib
[0.540s] creating /home/magnus/ros2_ws/build/my_robot_controller/build/lib/my_robot_controller
[0.540s] copying my_robot_controller/__init__.py -> /home/magnus/ros2_ws/build/my_robot_controller/build/lib/my_robot_controller
[0.540s] running install
[0.540s] running install_lib
[0.540s] creating /home/magnus/ros2_ws/install/my_robot_controller/lib/python3.10/site-packages/my_robot_controller
[0.540s] copying /home/magnus/ros2_ws/build/my_robot_controller/build/lib/my_robot_controller/__init__.py -> /home/magnus/ros2_ws/install/my_robot_controller/lib/python3.10/site-packages/my_robot_controller
[0.541s] byte-compiling /home/magnus/ros2_ws/install/my_robot_controller/lib/python3.10/site-packages/my_robot_controller/__init__.py to __init__.cpython-310.pyc
[0.541s] running install_data
[0.541s] creating /home/magnus/ros2_ws/install/my_robot_controller/share/ament_index
[0.541s] creating /home/magnus/ros2_ws/install/my_robot_controller/share/ament_index/resource_index
[0.541s] creating /home/magnus/ros2_ws/install/my_robot_controller/share/ament_index/resource_index/packages
[0.541s] copying resource/my_robot_controller -> /home/magnus/ros2_ws/install/my_robot_controller/share/ament_index/resource_index/packages
[0.541s] copying package.xml -> /home/magnus/ros2_ws/install/my_robot_controller/share/my_robot_controller
[0.541s] running install_egg_info
[0.542s] Copying ../../build/my_robot_controller/my_robot_controller.egg-info to /home/magnus/ros2_ws/install/my_robot_controller/lib/python3.10/site-packages/my_robot_controller-0.0.0-py3.10.egg-info
[0.543s] running install_scripts
[0.558s] writing list of installed files to '/home/magnus/ros2_ws/build/my_robot_controller/install.log'
[0.590s] Invoked command in '/home/magnus/ros2_ws/src/my_robot_controller' returned '0': CONDA_PROMPT_MODIFIER=(base) PYTHONPATH=/home/magnus/ros2_ws/build/my_robot_controller/prefix_override:/usr/lib/python3/dist-packages/colcon_core/task/python/colcon_distutils_commands:/home/magnus/ros2_ws/install/my_robot_controller/lib/python3.10/site-packages:${PYTHONPATH} /usr/bin/python3 -W ignore:setup.py install is deprecated -W ignore:easy_install command is deprecated setup.py egg_info --egg-base ../../build/my_robot_controller build --build-base /home/magnus/ros2_ws/build/my_robot_controller/build install --record /home/magnus/ros2_ws/build/my_robot_controller/install.log --single-version-externally-managed install_data
